Using pre-set license
Built from '2021.3/staging' branch; Version is '2021.3.2f1 (d6360bedb9a0) revision 14038539'; Using compiler version '192829333'; Build Type 'Release'
OS: 'Windows 11  (10.0.22000) 64bit Core' Language: 'en' Physical Memory: 16197 MB
BatchMode: 1, IsHumanControllingUs: 0, StartBugReporterOnCrash: 0, Is64bit: 1, IsPro: 1

COMMAND LINE ARGUMENTS:
C:\Program Files\Unity\Hub\Editor\2021.3.2f1\Editor\Unity.exe
-adb2
-batchMode
-noUpm
-name
AssetImportWorker0
-projectPath
C:/Users/Justin Siaw/Testing World
-logFile
Logs/AssetImportWorker0.log
-srvPort
52716
Successfully changed project path to: C:/Users/Justin Siaw/Testing World
C:/Users/Justin Siaw/Testing World
[UnityMemory] Configuration Parameters - Can be set up in boot.config
    "memorysetup-bucket-allocator-granularity=16"
    "memorysetup-bucket-allocator-bucket-count=8"
    "memorysetup-bucket-allocator-block-size=33554432"
    "memorysetup-bucket-allocator-block-count=8"
    "memorysetup-main-allocator-block-size=16777216"
    "memorysetup-thread-allocator-block-size=16777216"
    "memorysetup-gfx-main-allocator-block-size=16777216"
    "memorysetup-gfx-thread-allocator-block-size=16777216"
    "memorysetup-cache-allocator-block-size=4194304"
    "memorysetup-typetree-allocator-block-size=2097152"
    "memorysetup-profiler-bucket-allocator-granularity=16"
    "memorysetup-profiler-bucket-allocator-bucket-count=8"
    "memorysetup-profiler-bucket-allocator-block-size=33554432"
    "memorysetup-profiler-bucket-allocator-block-count=8"
    "memorysetup-profiler-allocator-block-size=16777216"
    "memorysetup-profiler-editor-allocator-block-size=1048576"
    "memorysetup-temp-allocator-size-main=16777216"
    "memorysetup-job-temp-allocator-block-size=2097152"
    "memorysetup-job-temp-allocator-block-size-background=1048576"
    "memorysetup-job-temp-allocator-reduction-small-platforms=262144"
    "memorysetup-temp-allocator-size-background-worker=32768"
    "memorysetup-temp-allocator-size-job-worker=262144"
    "memorysetup-temp-allocator-size-preload-manager=33554432"
    "memorysetup-temp-allocator-size-nav-mesh-worker=65536"
    "memorysetup-temp-allocator-size-audio-worker=65536"
    "memorysetup-temp-allocator-size-cloud-worker=32768"
    "memorysetup-temp-allocator-size-gi-baking-worker=262144"
    "memorysetup-temp-allocator-size-gfx=262144"
Refreshing native plugins compatible for Editor in 239.89 ms, found 4 plugins.
Preloading 0 native plugins for Editor in 0.00 ms.
Initialize engine version: 2021.3.2f1 (d6360bedb9a0)
[Subsystems] Discovering subsystems at path C:/Program Files/Unity/Hub/Editor/2021.3.2f1/Editor/Data/Resources/UnitySubsystems
[Subsystems] Discovering subsystems at path C:/Users/Justin Siaw/Testing World/Assets
GfxDevice: creating device client; threaded=0; jobified=0
Direct3D:
    Version:  Direct3D 11.0 [level 11.1]
    Renderer: NVIDIA GeForce MX150 (ID=0x1d12)
    Vendor:   NVIDIA
    VRAM:     1983 MB
    Driver:   30.0.15.1169
Initialize mono
Mono path[0] = 'C:/Program Files/Unity/Hub/Editor/2021.3.2f1/Editor/Data/Managed'
Mono path[1] = 'C:/Program Files/Unity/Hub/Editor/2021.3.2f1/Editor/Data/MonoBleedingEdge/lib/mono/unityjit-win32'
Mono config path = 'C:/Program Files/Unity/Hub/Editor/2021.3.2f1/Editor/Data/MonoBleedingEdge/etc'
Using monoOptions --debugger-agent=transport=dt_socket,embedding=1,server=y,suspend=n,address=127.0.0.1:56468
Begin MonoManager ReloadAssembly
Registering precompiled unity dll's ...
Register platform support module: C:/Program Files/Unity/Hub/Editor/2021.3.2f1/Editor/Data/PlaybackEngines/WebGLSupport/UnityEditor.WebGL.Extensions.dll
Register platform support module: C:/Program Files/Unity/Hub/Editor/2021.3.2f1/Editor/Data/PlaybackEngines/WindowsStandaloneSupport/UnityEditor.WindowsStandalone.Extensions.dll
Registered in 0.007910 seconds.
Native extension for WindowsStandalone target not found
Native extension for WebGL target not found
Refreshing native plugins compatible for Editor in 236.18 ms, found 4 plugins.
Preloading 0 native plugins for Editor in 0.00 ms.
Mono: successfully reloaded assembly
- Completed reload, in  1.262 seconds
Domain Reload Profiling:
	ReloadAssembly (1264ms)
		BeginReloadAssembly (136ms)
			ExecutionOrderSort (0ms)
			DisableScriptedObjects (0ms)
			BackupInstance (0ms)
			ReleaseScriptingObjects (0ms)
			CreateAndSetChildDomain (1ms)
		EndReloadAssembly (937ms)
			LoadAssemblies (132ms)
			RebuildTransferFunctionScriptingTraits (0ms)
			SetupTypeCache (201ms)
			ReleaseScriptCaches (0ms)
			RebuildScriptCaches (67ms)
			SetupLoadedEditorAssemblies (568ms)
				LogAssemblyErrors (0ms)
				InitializePlatformSupportModulesInManaged (16ms)
				SetLoadedEditorAssemblies (1ms)
				RefreshPlugins (236ms)
				BeforeProcessingInitializeOnLoad (2ms)
				ProcessInitializeOnLoadAttributes (223ms)
				ProcessInitializeOnLoadMethodAttributes (90ms)
				AfterProcessingInitializeOnLoad (0ms)
				EditorAssembliesLoaded (0ms)
			ExecutionOrderSort2 (0ms)
			AwakeInstancesAfterBackupRestoration (0ms)
Platform modules already initialized, skipping
Registering precompiled user dll's ...
Registered in 0.011917 seconds.
Begin MonoManager ReloadAssembly
Symbol file LoadedFromMemory doesn't match image C:\Users\Justin Siaw\Testing World\Library\PackageCache\com.unity.visualscripting@1.7.6\Editor\VisualScripting.Core\Dependencies\YamlDotNet\Unity.VisualScripting.YamlDotNet.dll
Symbol file LoadedFromMemory doesn't match image C:\Users\Justin Siaw\Testing World\Library\PackageCache\com.unity.visualscripting@1.7.6\Editor\VisualScripting.Core\Dependencies\DotNetZip\Unity.VisualScripting.IonicZip.dll
Native extension for WindowsStandalone target not found
Native extension for WebGL target not found
Refreshing native plugins compatible for Editor in 214.24 ms, found 4 plugins.
Preloading 0 native plugins for Editor in 0.00 ms.
Mono: successfully reloaded assembly
- Completed reload, in  2.398 seconds
Domain Reload Profiling:
	ReloadAssembly (2399ms)
		BeginReloadAssembly (187ms)
			ExecutionOrderSort (0ms)
			DisableScriptedObjects (12ms)
			BackupInstance (0ms)
			ReleaseScriptingObjects (0ms)
			CreateAndSetChildDomain (34ms)
		EndReloadAssembly (2014ms)
			LoadAssemblies (136ms)
			RebuildTransferFunctionScriptingTraits (0ms)
			SetupTypeCache (539ms)
			ReleaseScriptCaches (1ms)
			RebuildScriptCaches (127ms)
			SetupLoadedEditorAssemblies (1113ms)
				LogAssemblyErrors (0ms)
				InitializePlatformSupportModulesInManaged (7ms)
				SetLoadedEditorAssemblies (0ms)
				RefreshPlugins (214ms)
				BeforeProcessingInitializeOnLoad (234ms)
				ProcessInitializeOnLoadAttributes (474ms)
				ProcessInitializeOnLoadMethodAttributes (173ms)
				AfterProcessingInitializeOnLoad (10ms)
				EditorAssembliesLoaded (0ms)
			ExecutionOrderSort2 (0ms)
			AwakeInstancesAfterBackupRestoration (11ms)
Platform modules already initialized, skipping
========================================================================
Worker process is ready to serve import requests
Launched and connected shader compiler UnityShaderCompiler.exe after 0.12 seconds
Refreshing native plugins compatible for Editor in 2.79 ms, found 4 plugins.
Preloading 0 native plugins for Editor in 0.00 ms.
Unloading 5515 Unused Serialized files (Serialized files now loaded: 0)
Unloading 47 unused Assets / (0.8 MB). Loaded Objects now: 5977.
Memory consumption went from 226.7 MB to 225.9 MB.
Total: 10.170200 ms (FindLiveObjects: 0.828300 ms CreateObjectMapping: 0.960500 ms MarkObjects: 7.752300 ms  DeleteObjects: 0.626900 ms)

AssetImportParameters requested are different than current active one (requested -> active):
  custom:video-decoder-ogg-theora: a1e56fd34408186e4bbccfd4996cb3dc -> 
  custom:container-muxer-webm: aa71ff27fc2769a1b78a27578f13a17b -> 
  custom:container-demuxer-webm: 4f35f7cbe854078d1ac9338744f61a02 -> 
  custom:video-encoder-webm-vp8: eb34c28f22e8b96e1ab97ce403110664 -> 
  custom:audio-encoder-webm-vorbis: bf7c407c2cedff20999df2af8eb42d56 -> 
  custom:framework-win-MediaFoundation: 216162199b28c13a410421893ffa2e32 -> 
  custom:container-demuxer-ogg: 62fdf1f143b41e24485cea50d1cbac27 -> 
  custom:video-decoder-webm-vp8: 9c59270c3fd7afecdb556c50c9e8de78 -> 
  custom:audio-decoder-ogg-vorbis: bf7c407c2cedff20999df2af8eb42d56 -> 
========================================================================
Received Import Request.
  Time since last request: 431312.957697 seconds.
  path: Assets/Lighting (Can be ignored for now)/Overlay.mat
  artifactKey: Guid(2d326ecefbeaa374e97a7c141f441d82) Importer(815301076,1909f56bfc062723c751e8b465ee728b)
Start importing Assets/Lighting (Can be ignored for now)/Overlay.mat using Guid(2d326ecefbeaa374e97a7c141f441d82) Importer(815301076,1909f56bfc062723c751e8b465ee728b)  -> (artifact id: 'b0516ac38ff70ee9dbc23c8a9018fca5') in 1.053572 seconds 
========================================================================
Received Import Request.
  Time since last request: 0.000045 seconds.
  path: Assets/voxel-pack/Sample_3D.png
  artifactKey: Guid(405796f2e5269a4499deb0d9e91e8425) Importer(815301076,1909f56bfc062723c751e8b465ee728b)
Start importing Assets/voxel-pack/Sample_3D.png using Guid(405796f2e5269a4499deb0d9e91e8425) Importer(815301076,1909f56bfc062723c751e8b465ee728b)  -> (artifact id: '0ebde49e99a7ccb1dcc237b3dc809b07') in 0.145909 seconds 
========================================================================
Received Import Request.
  Time since last request: 0.000038 seconds.
  path: Assets/Lighting (Can be ignored for now)/Pipeline.asset
  artifactKey: Guid(b3ab57fd6c70deb46b95178f0bcf7f19) Importer(815301076,1909f56bfc062723c751e8b465ee728b)
Start importing Assets/Lighting (Can be ignored for now)/Pipeline.asset using Guid(b3ab57fd6c70deb46b95178f0bcf7f19) Importer(815301076,1909f56bfc062723c751e8b465ee728b)  -> (artifact id: 'd8594b065d9d08b4263f42ffda333cd2') in 0.015230 seconds 
========================================================================
Received Import Request.
  Time since last request: 0.000033 seconds.
  path: Assets/Background/clouds_2.png
  artifactKey: Guid(0911e7827c6ccb04c8fd7557295d37b0) Importer(815301076,1909f56bfc062723c751e8b465ee728b)
Start importing Assets/Background/clouds_2.png using Guid(0911e7827c6ccb04c8fd7557295d37b0) Importer(815301076,1909f56bfc062723c751e8b465ee728b)  -> (artifact id: '6be08785c92e64dbb8b1e0cf56977278') in 0.200328 seconds 
========================================================================
Received Prepare
Registering precompiled user dll's ...
Registered in 0.015424 seconds.
Begin MonoManager ReloadAssembly
Symbol file LoadedFromMemory doesn't match image C:\Users\Justin Siaw\Testing World\Library\PackageCache\com.unity.visualscripting@1.7.6\Editor\VisualScripting.Core\Dependencies\YamlDotNet\Unity.VisualScripting.YamlDotNet.dll
Symbol file LoadedFromMemory doesn't match image C:\Users\Justin Siaw\Testing World\Library\PackageCache\com.unity.visualscripting@1.7.6\Editor\VisualScripting.Core\Dependencies\DotNetZip\Unity.VisualScripting.IonicZip.dll
Native extension for WindowsStandalone target not found
Native extension for WebGL target not found
Refreshing native plugins compatible for Editor in 1.76 ms, found 4 plugins.
Preloading 0 native plugins for Editor in 0.00 ms.
Mono: successfully reloaded assembly
- Completed reload, in  1.917 seconds
Domain Reload Profiling:
	ReloadAssembly (1919ms)
		BeginReloadAssembly (219ms)
			ExecutionOrderSort (0ms)
			DisableScriptedObjects (18ms)
			BackupInstance (0ms)
			ReleaseScriptingObjects (0ms)
			CreateAndSetChildDomain (67ms)
		EndReloadAssembly (1531ms)
			LoadAssemblies (135ms)
			RebuildTransferFunctionScriptingTraits (0ms)
			SetupTypeCache (463ms)
			ReleaseScriptCaches (3ms)
			RebuildScriptCaches (87ms)
			SetupLoadedEditorAssemblies (710ms)
				LogAssemblyErrors (0ms)
				InitializePlatformSupportModulesInManaged (22ms)
				SetLoadedEditorAssemblies (1ms)
				RefreshPlugins (2ms)
				BeforeProcessingInitializeOnLoad (154ms)
				ProcessInitializeOnLoadAttributes (369ms)
				ProcessInitializeOnLoadMethodAttributes (153ms)
				AfterProcessingInitializeOnLoad (9ms)
				EditorAssembliesLoaded (0ms)
			ExecutionOrderSort2 (0ms)
			AwakeInstancesAfterBackupRestoration (21ms)
Platform modules already initialized, skipping
Refreshing native plugins compatible for Editor in 5.23 ms, found 4 plugins.
Preloading 0 native plugins for Editor in 0.00 ms.
Unloading 5396 Unused Serialized files (Serialized files now loaded: 0)
Unloading 34 unused Assets / (0.8 MB). Loaded Objects now: 6069.
Memory consumption went from 225.7 MB to 224.9 MB.
Total: 7.713900 ms (FindLiveObjects: 0.726800 ms CreateObjectMapping: 0.693600 ms MarkObjects: 5.678400 ms  DeleteObjects: 0.613500 ms)

AssetImportParameters requested are different than current active one (requested -> active):
  custom:video-decoder-ogg-theora: a1e56fd34408186e4bbccfd4996cb3dc -> 
  custom:container-muxer-webm: aa71ff27fc2769a1b78a27578f13a17b -> 
  custom:container-demuxer-webm: 4f35f7cbe854078d1ac9338744f61a02 -> 
  custom:video-encoder-webm-vp8: eb34c28f22e8b96e1ab97ce403110664 -> 
  custom:audio-encoder-webm-vorbis: bf7c407c2cedff20999df2af8eb42d56 -> 
  custom:framework-win-MediaFoundation: 216162199b28c13a410421893ffa2e32 -> 
  custom:container-demuxer-ogg: 62fdf1f143b41e24485cea50d1cbac27 -> 
  custom:video-decoder-webm-vp8: 9c59270c3fd7afecdb556c50c9e8de78 -> 
  custom:audio-decoder-ogg-vorbis: bf7c407c2cedff20999df2af8eb42d56 -> 
========================================================================
Received Prepare
Registering precompiled user dll's ...
Registered in 0.015355 seconds.
Begin MonoManager ReloadAssembly
Symbol file LoadedFromMemory doesn't match image C:\Users\Justin Siaw\Testing World\Library\PackageCache\com.unity.visualscripting@1.7.6\Editor\VisualScripting.Core\Dependencies\YamlDotNet\Unity.VisualScripting.YamlDotNet.dll
Symbol file LoadedFromMemory doesn't match image C:\Users\Justin Siaw\Testing World\Library\PackageCache\com.unity.visualscripting@1.7.6\Editor\VisualScripting.Core\Dependencies\DotNetZip\Unity.VisualScripting.IonicZip.dll
Native extension for WindowsStandalone target not found
Native extension for WebGL target not found
Refreshing native plugins compatible for Editor in 1.37 ms, found 4 plugins.
Preloading 0 native plugins for Editor in 0.00 ms.
Mono: successfully reloaded assembly
- Completed reload, in  2.021 seconds
Domain Reload Profiling:
	ReloadAssembly (2022ms)
		BeginReloadAssembly (215ms)
			ExecutionOrderSort (0ms)
			DisableScriptedObjects (14ms)
			BackupInstance (0ms)
			ReleaseScriptingObjects (0ms)
			CreateAndSetChildDomain (70ms)
		EndReloadAssembly (1646ms)
			LoadAssemblies (144ms)
			RebuildTransferFunctionScriptingTraits (0ms)
			SetupTypeCache (556ms)
			ReleaseScriptCaches (3ms)
			RebuildScriptCaches (74ms)
			SetupLoadedEditorAssemblies (737ms)
				LogAssemblyErrors (0ms)
				InitializePlatformSupportModulesInManaged (24ms)
				SetLoadedEditorAssemblies (1ms)
				RefreshPlugins (2ms)
				BeforeProcessingInitializeOnLoad (150ms)
				ProcessInitializeOnLoadAttributes (386ms)
				ProcessInitializeOnLoadMethodAttributes (162ms)
				AfterProcessingInitializeOnLoad (12ms)
				EditorAssembliesLoaded (0ms)
			ExecutionOrderSort2 (0ms)
			AwakeInstancesAfterBackupRestoration (24ms)
Platform modules already initialized, skipping
Refreshing native plugins compatible for Editor in 4.51 ms, found 4 plugins.
Preloading 0 native plugins for Editor in 0.00 ms.
Unloading 5396 Unused Serialized files (Serialized files now loaded: 0)
Unloading 34 unused Assets / (0.8 MB). Loaded Objects now: 6072.
Memory consumption went from 225.7 MB to 224.9 MB.
Total: 8.624500 ms (FindLiveObjects: 0.616700 ms CreateObjectMapping: 0.694400 ms MarkObjects: 6.625700 ms  DeleteObjects: 0.686400 ms)

AssetImportParameters requested are different than current active one (requested -> active):
  custom:video-decoder-ogg-theora: a1e56fd34408186e4bbccfd4996cb3dc -> 
  custom:container-muxer-webm: aa71ff27fc2769a1b78a27578f13a17b -> 
  custom:container-demuxer-webm: 4f35f7cbe854078d1ac9338744f61a02 -> 
  custom:video-encoder-webm-vp8: eb34c28f22e8b96e1ab97ce403110664 -> 
  custom:audio-encoder-webm-vorbis: bf7c407c2cedff20999df2af8eb42d56 -> 
  custom:framework-win-MediaFoundation: 216162199b28c13a410421893ffa2e32 -> 
  custom:container-demuxer-ogg: 62fdf1f143b41e24485cea50d1cbac27 -> 
  custom:video-decoder-webm-vp8: 9c59270c3fd7afecdb556c50c9e8de78 -> 
  custom:audio-decoder-ogg-vorbis: bf7c407c2cedff20999df2af8eb42d56 -> 
========================================================================
Received Import Request.
  Time since last request: 2315.555858 seconds.
  path: Assets/voxel-pack/Spritesheets/spritesheet_items.png
  artifactKey: Guid(aaf446e24be073b409e2a26a11b86c25) Importer(815301076,1909f56bfc062723c751e8b465ee728b)
Start importing Assets/voxel-pack/Spritesheets/spritesheet_items.png using Guid(aaf446e24be073b409e2a26a11b86c25) Importer(815301076,1909f56bfc062723c751e8b465ee728b)  -> (artifact id: '15e3e21bae1147f1c8945d0c2fb6a010') in 0.288730 seconds 
========================================================================
Received Import Request.
  Time since last request: 14.535048 seconds.
  path: Assets/voxel-pack/PNG/clouds.asset
  artifactKey: Guid(1bdb0bdd9b5fcc3439dda093878a2097) Importer(815301076,1909f56bfc062723c751e8b465ee728b)
Start importing Assets/voxel-pack/PNG/clouds.asset using Guid(1bdb0bdd9b5fcc3439dda093878a2097) Importer(815301076,1909f56bfc062723c751e8b465ee728b)  -> (artifact id: 'd37f557a787d29d2a46a0f8171239a10') in 0.051868 seconds 
========================================================================
Received Import Request.
  Time since last request: 0.000042 seconds.
  path: Assets/voxel-pack/PNG/skybox_sideClouds.asset
  artifactKey: Guid(62a733bcd4963a94899e2e85023b2ec4) Importer(815301076,1909f56bfc062723c751e8b465ee728b)
Start importing Assets/voxel-pack/PNG/skybox_sideClouds.asset using Guid(62a733bcd4963a94899e2e85023b2ec4) Importer(815301076,1909f56bfc062723c751e8b465ee728b)  -> (artifact id: 'cd1c7eb5fe166610d7470959f2d4334e') in 0.034205 seconds 
========================================================================
Received Import Request.
  Time since last request: 0.000072 seconds.
  path: Assets/voxel-pack/PNG/sun.asset
  artifactKey: Guid(33296b72ab8e6eb4da40e322ebd01acf) Importer(815301076,1909f56bfc062723c751e8b465ee728b)
Start importing Assets/voxel-pack/PNG/sun.asset using Guid(33296b72ab8e6eb4da40e322ebd01acf) Importer(815301076,1909f56bfc062723c751e8b465ee728b)  -> (artifact id: '605db55a1446e04e8138f322636aa28c') in 0.024961 seconds 
========================================================================
Received Import Request.
  Time since last request: 0.000034 seconds.
  path: Assets/voxel-pack/PNG/skybox_side.asset
  artifactKey: Guid(717df1d0bc0b4cb4aad9a5e103a2d800) Importer(815301076,1909f56bfc062723c751e8b465ee728b)
Start importing Assets/voxel-pack/PNG/skybox_side.asset using Guid(717df1d0bc0b4cb4aad9a5e103a2d800) Importer(815301076,1909f56bfc062723c751e8b465ee728b)  -> (artifact id: 'bf792b280e847e261a60189363e6d303') in 0.024981 seconds 
========================================================================
Received Import Request.
  Time since last request: 0.000046 seconds.
  path: Assets/voxel-pack/PNG/skybox_sideHills.asset
  artifactKey: Guid(138dcbb9f04332646a43bbda70ebeece) Importer(815301076,1909f56bfc062723c751e8b465ee728b)
Start importing Assets/voxel-pack/PNG/skybox_sideHills.asset using Guid(138dcbb9f04332646a43bbda70ebeece) Importer(815301076,1909f56bfc062723c751e8b465ee728b)  -> (artifact id: '8bddb353c4709663087ac58f22d5d453') in 0.024755 seconds 
========================================================================
Received Import Request.
  Time since last request: 0.000031 seconds.
  path: Assets/voxel-pack/PNG/skybox_top.asset
  artifactKey: Guid(9815de5029013f34c9d406a75a41113b) Importer(815301076,1909f56bfc062723c751e8b465ee728b)
Start importing Assets/voxel-pack/PNG/skybox_top.asset using Guid(9815de5029013f34c9d406a75a41113b) Importer(815301076,1909f56bfc062723c751e8b465ee728b)  -> (artifact id: '158ad101613526adabaa5416a9d77ffa') in 0.021865 seconds 
========================================================================
Received Import Request.
  Time since last request: 0.000036 seconds.
  path: Assets/voxel-pack/PNG/skybox_bottom.asset
  artifactKey: Guid(9ca779765534bbb408f4ab13f0ecd565) Importer(815301076,1909f56bfc062723c751e8b465ee728b)
Start importing Assets/voxel-pack/PNG/skybox_bottom.asset using Guid(9ca779765534bbb408f4ab13f0ecd565) Importer(815301076,1909f56bfc062723c751e8b465ee728b)  -> (artifact id: 'c3669aac49cba22ca0e8de2b4c86bc05') in 0.034392 seconds 
========================================================================
Received Import Request.
  Time since last request: 0.000036 seconds.
  path: Assets/voxel-pack/PNG/moon.asset
  artifactKey: Guid(b1035b06cb935af499817d86bc029766) Importer(815301076,1909f56bfc062723c751e8b465ee728b)
Start importing Assets/voxel-pack/PNG/moon.asset using Guid(b1035b06cb935af499817d86bc029766) Importer(815301076,1909f56bfc062723c751e8b465ee728b)  -> (artifact id: '79c437e0b5a1e299058a3d4ad4687d62') in 0.021375 seconds 
========================================================================
Received Import Request.
  Time since last request: 4.579122 seconds.
  path: Assets/voxel-pack/PNG/Tiles/brick_grey.png
  artifactKey: Guid(eeb7dc256633b14439518ea62521a5d1) Importer(815301076,1909f56bfc062723c751e8b465ee728b)
Start importing Assets/voxel-pack/PNG/Tiles/brick_grey.png using Guid(eeb7dc256633b14439518ea62521a5d1) Importer(815301076,1909f56bfc062723c751e8b465ee728b)  -> (artifact id: '9018c1063bb96a992ee1613af1e32cb1') in 0.027710 seconds 
========================================================================
Received Import Request.
  Time since last request: 0.000041 seconds.
  path: Assets/voxel-pack/PNG/Tiles/grass4.png
  artifactKey: Guid(48c3b0f0d86595843834b234d3fc6d5e) Importer(815301076,1909f56bfc062723c751e8b465ee728b)
Start importing Assets/voxel-pack/PNG/Tiles/grass4.png using Guid(48c3b0f0d86595843834b234d3fc6d5e) Importer(815301076,1909f56bfc062723c751e8b465ee728b)  -> (artifact id: 'af400c25dc4d69c853058d6d57b67539') in 0.032905 seconds 
========================================================================
Received Import Request.
  Time since last request: 0.000034 seconds.
  path: Assets/voxel-pack/PNG/Tiles/grass4.asset
  artifactKey: Guid(1703acaef0b8ebd4b94a01cf48876154) Importer(815301076,1909f56bfc062723c751e8b465ee728b)
Start importing Assets/voxel-pack/PNG/Tiles/grass4.asset using Guid(1703acaef0b8ebd4b94a01cf48876154) Importer(815301076,1909f56bfc062723c751e8b465ee728b)  -> (artifact id: '4393a1da2b4430eea0d8ea05cd35c437') in 0.028980 seconds 
========================================================================
Received Import Request.
  Time since last request: 0.000070 seconds.
  path: Assets/voxel-pack/PNG/Tiles/gravel_dirt.asset
  artifactKey: Guid(0eed5c1fb1b441a459de2beefb581c73) Importer(815301076,1909f56bfc062723c751e8b465ee728b)
Start importing Assets/voxel-pack/PNG/Tiles/gravel_dirt.asset using Guid(0eed5c1fb1b441a459de2beefb581c73) Importer(815301076,1909f56bfc062723c751e8b465ee728b)  -> (artifact id: 'fc81ac1450ff76f2309aa1e38900fde0') in 0.030489 seconds 
========================================================================
Received Import Request.
  Time since last request: 0.000119 seconds.
  path: Assets/voxel-pack/PNG/Tiles/dirt_sand.png
  artifactKey: Guid(83fbf954b6531f644ab187272b6bf081) Importer(815301076,1909f56bfc062723c751e8b465ee728b)
Start importing Assets/voxel-pack/PNG/Tiles/dirt_sand.png using Guid(83fbf954b6531f644ab187272b6bf081) Importer(815301076,1909f56bfc062723c751e8b465ee728b)  -> (artifact id: '94cc272157ff850ecefbb0f295cda6ce') in 0.039311 seconds 
========================================================================
Received Import Request.
  Time since last request: 0.000034 seconds.
  path: Assets/voxel-pack/PNG/Tiles/glass_frame.asset
  artifactKey: Guid(6125336af4012f945906f9e0ba706e58) Importer(815301076,1909f56bfc062723c751e8b465ee728b)
Start importing Assets/voxel-pack/PNG/Tiles/glass_frame.asset using Guid(6125336af4012f945906f9e0ba706e58) Importer(815301076,1909f56bfc062723c751e8b465ee728b)  -> (artifact id: '5e03a1ca2455f94e4272e81a8a75fc73') in 0.028550 seconds 
========================================================================
Received Import Request.
  Time since last request: 0.000033 seconds.
  path: Assets/voxel-pack/PNG/Tiles/dirt.png
  artifactKey: Guid(59eb9c75c4713534bacd3e8f86b6898b) Importer(815301076,1909f56bfc062723c751e8b465ee728b)
Start importing Assets/voxel-pack/PNG/Tiles/dirt.png using Guid(59eb9c75c4713534bacd3e8f86b6898b) Importer(815301076,1909f56bfc062723c751e8b465ee728b)  -> (artifact id: '993a1c5f55b83131b92187771bad250c') in 0.030766 seconds 
========================================================================
Received Import Request.
  Time since last request: 0.000034 seconds.
  path: Assets/voxel-pack/PNG/Tiles/grass_top.asset
  artifactKey: Guid(e50672d26196d664489a34599b4e9ea4) Importer(815301076,1909f56bfc062723c751e8b465ee728b)
Start importing Assets/voxel-pack/PNG/Tiles/grass_top.asset using Guid(e50672d26196d664489a34599b4e9ea4) Importer(815301076,1909f56bfc062723c751e8b465ee728b)  -> (artifact id: 'b41cb45f23552bf050446408a7e86a55') in 0.025709 seconds 
========================================================================
Received Import Request.
  Time since last request: 0.000035 seconds.
  path: Assets/voxel-pack/PNG/Tiles/fence_stone.png
  artifactKey: Guid(943ce54e6ddf9164c9b87ae1a9ef3061) Importer(815301076,1909f56bfc062723c751e8b465ee728b)
Start importing Assets/voxel-pack/PNG/Tiles/fence_stone.png using Guid(943ce54e6ddf9164c9b87ae1a9ef3061) Importer(815301076,1909f56bfc062723c751e8b465ee728b)  -> (artifact id: 'ed522e546f53dbb6e87de19270f2342d') in 0.033934 seconds 
========================================================================
Received Import Request.
  Time since last request: 0.000045 seconds.
  path: Assets/voxel-pack/PNG/Tiles/cactus_side.png
  artifactKey: Guid(9f98698e73206734cb214b3067d97505) Importer(815301076,1909f56bfc062723c751e8b465ee728b)
Start importing Assets/voxel-pack/PNG/Tiles/cactus_side.png using Guid(9f98698e73206734cb214b3067d97505) Importer(815301076,1909f56bfc062723c751e8b465ee728b)  -> (artifact id: '9d48a767055082bc62130bb592ab5f73') in 0.033252 seconds 
========================================================================
Received Import Request.
  Time since last request: 0.000045 seconds.
  path: Assets/voxel-pack/PNG/Tiles/cotton_green.asset
  artifactKey: Guid(b78ca17d44ac8c946b501fab580669c6) Importer(815301076,1909f56bfc062723c751e8b465ee728b)
Start importing Assets/voxel-pack/PNG/Tiles/cotton_green.asset using Guid(b78ca17d44ac8c946b501fab580669c6) Importer(815301076,1909f56bfc062723c751e8b465ee728b)  -> (artifact id: '94f17b87e4dca56d53116975861b7c5a') in 0.029709 seconds 
========================================================================
Received Import Request.
  Time since last request: 0.000041 seconds.
  path: Assets/voxel-pack/PNG/Tiles/grass_tan.asset
  artifactKey: Guid(db218a5366a5adf42b78c09942a038e2) Importer(815301076,1909f56bfc062723c751e8b465ee728b)
Start importing Assets/voxel-pack/PNG/Tiles/grass_tan.asset using Guid(db218a5366a5adf42b78c09942a038e2) Importer(815301076,1909f56bfc062723c751e8b465ee728b)  -> (artifact id: '079c2dd30969c194496a5bfb9ab3f82e') in 0.027935 seconds 
========================================================================
Received Import Request.
  Time since last request: 0.000039 seconds.
  path: Assets/voxel-pack/PNG/Tiles/dirt_grass.asset
  artifactKey: Guid(4c3fd675b98884c4b921de3e7af919b0) Importer(815301076,1909f56bfc062723c751e8b465ee728b)
Start importing Assets/voxel-pack/PNG/Tiles/dirt_grass.asset using Guid(4c3fd675b98884c4b921de3e7af919b0) Importer(815301076,1909f56bfc062723c751e8b465ee728b)  -> (artifact id: '842f41c5d8eca40e701e19d9beea1b30') in 0.018596 seconds 
========================================================================
Received Import Request.
  Time since last request: 0.000054 seconds.
  path: Assets/voxel-pack/PNG/Tiles/grass2.asset
  artifactKey: Guid(6e0563b0a9432ae40aa7dcb5839fbfe5) Importer(815301076,1909f56bfc062723c751e8b465ee728b)
Start importing Assets/voxel-pack/PNG/Tiles/grass2.asset using Guid(6e0563b0a9432ae40aa7dcb5839fbfe5) Importer(815301076,1909f56bfc062723c751e8b465ee728b)  -> (artifact id: 'be5860946e95744ab8167b188eb43ca0') in 0.032028 seconds 
========================================================================
Received Import Request.
  Time since last request: 0.000036 seconds.
  path: Assets/voxel-pack/PNG/Tiles/fence_stone.asset
  artifactKey: Guid(d47efa4d11ac05e4096b4e16e96f0305) Importer(815301076,1909f56bfc062723c751e8b465ee728b)
Start importing Assets/voxel-pack/PNG/Tiles/fence_stone.asset using Guid(d47efa4d11ac05e4096b4e16e96f0305) Importer(815301076,1909f56bfc062723c751e8b465ee728b)  -> (artifact id: '9369c05a3f65f2945044b28fe1e39fed') in 0.024154 seconds 
========================================================================
Received Import Request.
  Time since last request: 0.000069 seconds.
  path: Assets/voxel-pack/PNG/Tiles/cotton_red.asset
  artifactKey: Guid(354a4a1d174cf3342a83ef70217a49d8) Importer(815301076,1909f56bfc062723c751e8b465ee728b)
Start importing Assets/voxel-pack/PNG/Tiles/cotton_red.asset using Guid(354a4a1d174cf3342a83ef70217a49d8) Importer(815301076,1909f56bfc062723c751e8b465ee728b)  -> (artifact id: '06c6251f7c677c05aea8d003884ffcc4') in 0.028936 seconds 
========================================================================
Received Import Request.
  Time since last request: 0.000038 seconds.
  path: Assets/voxel-pack/PNG/Tiles/glass_frame.png
  artifactKey: Guid(01ad8af4f90c28542a40f0d68919f846) Importer(815301076,1909f56bfc062723c751e8b465ee728b)
Start importing Assets/voxel-pack/PNG/Tiles/glass_frame.png using Guid(01ad8af4f90c28542a40f0d68919f846) Importer(815301076,1909f56bfc062723c751e8b465ee728b)  -> (artifact id: 'b6930a49057819a53145e841d6aa335a') in 0.034924 seconds 
========================================================================
Received Import Request.
  Time since last request: 0.000031 seconds.
  path: Assets/voxel-pack/PNG/Tiles/glass.png
  artifactKey: Guid(90da6733f245af34fb35f80436e27c91) Importer(815301076,1909f56bfc062723c751e8b465ee728b)
Start importing Assets/voxel-pack/PNG/Tiles/glass.png using Guid(90da6733f245af34fb35f80436e27c91) Importer(815301076,1909f56bfc062723c751e8b465ee728b)  -> (artifact id: '96aed923595ccb80f5c5114564ddf9d0') in 0.032471 seconds 
========================================================================
Received Import Request.
  Time since last request: 0.000040 seconds.
  path: Assets/voxel-pack/PNG/Tiles/dirt.asset
  artifactKey: Guid(fe36ed952f475dc47b4a91da037c20d2) Importer(815301076,1909f56bfc062723c751e8b465ee728b)
Start importing Assets/voxel-pack/PNG/Tiles/dirt.asset using Guid(fe36ed952f475dc47b4a91da037c20d2) Importer(815301076,1909f56bfc062723c751e8b465ee728b)  -> (artifact id: 'bad3a2629dfd4092b13b115e37a14ac1') in 0.026953 seconds 
========================================================================
Received Import Request.
  Time since last request: 0.000031 seconds.
  path: Assets/voxel-pack/PNG/Tiles/cactus_inside.asset
  artifactKey: Guid(7f321b4769d72b24ba1e007d666481c9) Importer(815301076,1909f56bfc062723c751e8b465ee728b)
Start importing Assets/voxel-pack/PNG/Tiles/cactus_inside.asset using Guid(7f321b4769d72b24ba1e007d666481c9) Importer(815301076,1909f56bfc062723c751e8b465ee728b)  -> (artifact id: 'd880c1d24663ebe8d34f8b1ab92e625c') in 0.024618 seconds 
========================================================================
Received Import Request.
  Time since last request: 0.000028 seconds.
  path: Assets/voxel-pack/PNG/Tiles/grass1.png
  artifactKey: Guid(16b3ab1c377999148a2f81ab73ac352e) Importer(815301076,1909f56bfc062723c751e8b465ee728b)
Start importing Assets/voxel-pack/PNG/Tiles/grass1.png using Guid(16b3ab1c377999148a2f81ab73ac352e) Importer(815301076,1909f56bfc062723c751e8b465ee728b)  -> (artifact id: 'e630a832d0e01c8aa13a0a93626bbb1b') in 0.035091 seconds 
========================================================================
Received Import Request.
  Time since last request: 0.000040 seconds.
  path: Assets/voxel-pack/PNG/Tiles/grass_brown.asset
  artifactKey: Guid(ad63cf1e53198f54aacb77cb5c722e74) Importer(815301076,1909f56bfc062723c751e8b465ee728b)
Start importing Assets/voxel-pack/PNG/Tiles/grass_brown.asset using Guid(ad63cf1e53198f54aacb77cb5c722e74) Importer(815301076,1909f56bfc062723c751e8b465ee728b)  -> (artifact id: '0ff3ca95705d7427de32f9bcdb7d1403') in 0.029499 seconds 
========================================================================
Received Import Request.
  Time since last request: 0.000049 seconds.
  path: Assets/voxel-pack/PNG/Tiles/grass3.png
  artifactKey: Guid(2f3a9ee6b3297274dbaddf87aae6d320) Importer(815301076,1909f56bfc062723c751e8b465ee728b)
Start importing Assets/voxel-pack/PNG/Tiles/grass3.png using Guid(2f3a9ee6b3297274dbaddf87aae6d320) Importer(815301076,1909f56bfc062723c751e8b465ee728b)  -> (artifact id: 'bb9c58167aee44a890b40f1520fd751c') in 0.039285 seconds 
========================================================================
Received Import Request.
  Time since last request: 0.000024 seconds.
  path: Assets/voxel-pack/PNG/Tiles/dirt_snow.png
  artifactKey: Guid(da0d28f358667a94e8037630a1d49ede) Importer(815301076,1909f56bfc062723c751e8b465ee728b)
Start importing Assets/voxel-pack/PNG/Tiles/dirt_snow.png using Guid(da0d28f358667a94e8037630a1d49ede) Importer(815301076,1909f56bfc062723c751e8b465ee728b)  -> (artifact id: '2a221450c46566abe50ea659c4666134') in 0.032788 seconds 
========================================================================
Received Import Request.
  Time since last request: 0.000058 seconds.
  path: Assets/voxel-pack/PNG/Tiles/cactus_inside.png
  artifactKey: Guid(f13b1858d0a872248a0a7d87c63cad21) Importer(815301076,1909f56bfc062723c751e8b465ee728b)
Start importing Assets/voxel-pack/PNG/Tiles/cactus_inside.png using Guid(f13b1858d0a872248a0a7d87c63cad21) Importer(815301076,1909f56bfc062723c751e8b465ee728b)  -> (artifact id: '7913f75bbbd653370d0792824ae2e4f5') in 0.033002 seconds 
========================================================================
Received Import Request.
  Time since last request: 0.158643 seconds.
  path: Assets/voxel-pack/PNG/Tiles/gravel_stone.asset
  artifactKey: Guid(214d69d54075e5744b99f8c573149aa8) Importer(815301076,1909f56bfc062723c751e8b465ee728b)
Start importing Assets/voxel-pack/PNG/Tiles/gravel_stone.asset using Guid(214d69d54075e5744b99f8c573149aa8) Importer(815301076,1909f56bfc062723c751e8b465ee728b)  -> (artifact id: 'ca1f90a60ef5a62c313794bff4cda91a') in 0.028478 seconds 
========================================================================
Received Import Request.
  Time since last request: 0.000040 seconds.
  path: Assets/voxel-pack/PNG/Tiles/lava.png
  artifactKey: Guid(04307eaf6ccc0084096fea86da313ea1) Importer(815301076,1909f56bfc062723c751e8b465ee728b)
Start importing Assets/voxel-pack/PNG/Tiles/lava.png using Guid(04307eaf6ccc0084096fea86da313ea1) Importer(815301076,1909f56bfc062723c751e8b465ee728b)  -> (artifact id: '7fd397a18c202f4121476aef1a329917') in 0.033560 seconds 
========================================================================
Received Import Request.
  Time since last request: 0.000049 seconds.
  path: Assets/voxel-pack/PNG/Tiles/lava.asset
  artifactKey: Guid(8a5ac9258b2218344905e3ede05f0ef8) Importer(815301076,1909f56bfc062723c751e8b465ee728b)
Start importing Assets/voxel-pack/PNG/Tiles/lava.asset using Guid(8a5ac9258b2218344905e3ede05f0ef8) Importer(815301076,1909f56bfc062723c751e8b465ee728b)  -> (artifact id: 'd16fd882a5bbdd2971a3ab2703a2309e') in 0.029988 seconds 
========================================================================
Received Import Request.
  Time since last request: 0.000058 seconds.
  path: Assets/voxel-pack/PNG/Tiles/mushroom_brown.png
  artifactKey: Guid(5ab0075fb1acedb468d8c37d5822e516) Importer(815301076,1909f56bfc062723c751e8b465ee728b)
Start importing Assets/voxel-pack/PNG/Tiles/mushroom_brown.png using Guid(5ab0075fb1acedb468d8c37d5822e516) Importer(815301076,1909f56bfc062723c751e8b465ee728b)  -> (artifact id: 'af0a5e477431b46f75ce2e8099171774') in 0.031381 seconds 
========================================================================
Received Import Request.
  Time since last request: 0.000048 seconds.
  path: Assets/voxel-pack/PNG/Tiles/leaves.asset
  artifactKey: Guid(9c10e8be28a061c4b81ce06dd21c99ba) Importer(815301076,1909f56bfc062723c751e8b465ee728b)
Start importing Assets/voxel-pack/PNG/Tiles/leaves.asset using Guid(9c10e8be28a061c4b81ce06dd21c99ba) Importer(815301076,1909f56bfc062723c751e8b465ee728b)  -> (artifact id: '9dbab8438265bed0cd529fa2120bf373') in 0.024839 seconds 
========================================================================
Received Import Request.
  Time since last request: 0.000041 seconds.
  path: Assets/voxel-pack/PNG/Tiles/mushroom_tan.asset
  artifactKey: Guid(bf83c91e667b5a24388f9f8baa552dc3) Importer(815301076,1909f56bfc062723c751e8b465ee728b)
Start importing Assets/voxel-pack/PNG/Tiles/mushroom_tan.asset using Guid(bf83c91e667b5a24388f9f8baa552dc3) Importer(815301076,1909f56bfc062723c751e8b465ee728b)  -> (artifact id: '68cd59d44acaddb2d88a12eb89fd167c') in 0.029880 seconds 
========================================================================
Received Import Request.
  Time since last request: 0.000035 seconds.
  path: Assets/voxel-pack/PNG/Tiles/leaves_orange.asset
  artifactKey: Guid(d3795001950c5c14daa2b03f3849d5e3) Importer(815301076,1909f56bfc062723c751e8b465ee728b)
Start importing Assets/voxel-pack/PNG/Tiles/leaves_orange.asset using Guid(d3795001950c5c14daa2b03f3849d5e3) Importer(815301076,1909f56bfc062723c751e8b465ee728b)  -> (artifact id: '51f51f2f4c3ff7945a02b712abf828bb') in 0.026184 seconds 
========================================================================
Received Import Request.
  Time since last request: 0.000038 seconds.
  path: Assets/voxel-pack/PNG/Tiles/oven.asset
  artifactKey: Guid(a2ef4b580b9a2e14db32a7b8da49ad2c) Importer(815301076,1909f56bfc062723c751e8b465ee728b)
Start importing Assets/voxel-pack/PNG/Tiles/oven.asset using Guid(a2ef4b580b9a2e14db32a7b8da49ad2c) Importer(815301076,1909f56bfc062723c751e8b465ee728b)  -> (artifact id: 'b62c90b724e0227ef5728650c2e8f072') in 0.030342 seconds 
========================================================================
Received Import Request.
  Time since last request: 0.000044 seconds.
  path: Assets/voxel-pack/PNG/Tiles/greysand.png
  artifactKey: Guid(43be8943eafe5d14188a37be119523d5) Importer(815301076,1909f56bfc062723c751e8b465ee728b)
Start importing Assets/voxel-pack/PNG/Tiles/greysand.png using Guid(43be8943eafe5d14188a37be119523d5) Importer(815301076,1909f56bfc062723c751e8b465ee728b)  -> (artifact id: '6eff913823c804d4cbb55c330c89d2de') in 0.033901 seconds 
========================================================================
Received Import Request.
  Time since last request: 0.000048 seconds.
  path: Assets/voxel-pack/PNG/Tiles/stone_iron.png
  artifactKey: Guid(6c83399fb095143479b943dd134cc271) Importer(815301076,1909f56bfc062723c751e8b465ee728b)
Start importing Assets/voxel-pack/PNG/Tiles/stone_iron.png using Guid(6c83399fb095143479b943dd134cc271) Importer(815301076,1909f56bfc062723c751e8b465ee728b)  -> (artifact id: 'a9054952c0b2c209228f1fc5cbac3ba2') in 0.033549 seconds 
========================================================================
Received Import Request.
  Time since last request: 0.000034 seconds.
  path: Assets/voxel-pack/PNG/Tiles/stone_silver_alt.asset
  artifactKey: Guid(3c5979d0e4f235142ab2742fedaaa450) Importer(815301076,1909f56bfc062723c751e8b465ee728b)
Start importing Assets/voxel-pack/PNG/Tiles/stone_silver_alt.asset using Guid(3c5979d0e4f235142ab2742fedaaa450) Importer(815301076,1909f56bfc062723c751e8b465ee728b)  -> (artifact id: 'f7a990dfd4e5f1aad2ddc7e7a6fc1d2b') in 0.030930 seconds 
========================================================================
Received Import Request.
  Time since last request: 0.000040 seconds.
  path: Assets/voxel-pack/PNG/Tiles/stone_iron.asset
  artifactKey: Guid(17b5bcf11c009a64188a4556e5c0b706) Importer(815301076,1909f56bfc062723c751e8b465ee728b)
Start importing Assets/voxel-pack/PNG/Tiles/stone_iron.asset using Guid(17b5bcf11c009a64188a4556e5c0b706) Importer(815301076,1909f56bfc062723c751e8b465ee728b)  -> (artifact id: 'bd270d4d7f7145d554b4d9408873e20e') in 0.026178 seconds 
========================================================================
Received Import Request.
  Time since last request: 0.000028 seconds.
  path: Assets/voxel-pack/PNG/Tiles/stone_gold.png
  artifactKey: Guid(053f9d57acd21e54ab33868ea8fc3468) Importer(815301076,1909f56bfc062723c751e8b465ee728b)
Start importing Assets/voxel-pack/PNG/Tiles/stone_gold.png using Guid(053f9d57acd21e54ab33868ea8fc3468) Importer(815301076,1909f56bfc062723c751e8b465ee728b)  -> (artifact id: '2f37d93a3799ff8a593100176ac65eea') in 0.034319 seconds 
========================================================================
Received Import Request.
  Time since last request: 0.000068 seconds.
  path: Assets/voxel-pack/PNG/Tiles/sand.png
  artifactKey: Guid(7f74d8ce9d372b24eba2ee2cc72b9025) Importer(815301076,1909f56bfc062723c751e8b465ee728b)
Start importing Assets/voxel-pack/PNG/Tiles/sand.png using Guid(7f74d8ce9d372b24eba2ee2cc72b9025) Importer(815301076,1909f56bfc062723c751e8b465ee728b)  -> (artifact id: 'a0f7630763f7ed693648968b6a859d2c') in 0.036335 seconds 
========================================================================
Received Import Request.
  Time since last request: 0.000053 seconds.
  path: Assets/voxel-pack/PNG/Tiles/track_corner.asset
  artifactKey: Guid(f64d82a59f3ffe044bbad85272003fe4) Importer(815301076,1909f56bfc062723c751e8b465ee728b)
Start importing Assets/voxel-pack/PNG/Tiles/track_corner.asset using Guid(f64d82a59f3ffe044bbad85272003fe4) Importer(815301076,1909f56bfc062723c751e8b465ee728b)  -> (artifact id: '172aef0ac4faff2c9e8560e9018550de') in 0.026818 seconds 
========================================================================
Received Import Request.
  Time since last request: 0.000036 seconds.
  path: Assets/voxel-pack/PNG/Tiles/table.asset
  artifactKey: Guid(3704abe740adde1488f6bc3bcc98012c) Importer(815301076,1909f56bfc062723c751e8b465ee728b)
Start importing Assets/voxel-pack/PNG/Tiles/table.asset using Guid(3704abe740adde1488f6bc3bcc98012c) Importer(815301076,1909f56bfc062723c751e8b465ee728b)  -> (artifact id: '7cc44c15c2454f42ecd0203b02389a85') in 0.027066 seconds 
========================================================================
Received Import Request.
  Time since last request: 0.000041 seconds.
  path: Assets/voxel-pack/PNG/Tiles/wheat_stage1.asset
  artifactKey: Guid(12708289d485ebd4b87eaa3aa3db0bd3) Importer(815301076,1909f56bfc062723c751e8b465ee728b)
Start importing Assets/voxel-pack/PNG/Tiles/wheat_stage1.asset using Guid(12708289d485ebd4b87eaa3aa3db0bd3) Importer(815301076,1909f56bfc062723c751e8b465ee728b)  -> (artifact id: '67676226598c43232d5d6c3a92be4265') in 0.025563 seconds 
========================================================================
Received Import Request.
  Time since last request: 0.000034 seconds.
  path: Assets/voxel-pack/PNG/Tiles/snow.asset
  artifactKey: Guid(86ea587b4f3e55445b8c37e14e4fdda5) Importer(815301076,1909f56bfc062723c751e8b465ee728b)
Start importing Assets/voxel-pack/PNG/Tiles/snow.asset using Guid(86ea587b4f3e55445b8c37e14e4fdda5) Importer(815301076,1909f56bfc062723c751e8b465ee728b)  -> (artifact id: 'b9ba2d983af44c372ab8e6710c970cad') in 0.027268 seconds 
========================================================================
Received Import Request.
  Time since last request: 0.000037 seconds.
  path: Assets/voxel-pack/PNG/Tiles/stone_snow.asset
  artifactKey: Guid(0276892ece851554095bfc94c989e25e) Importer(815301076,1909f56bfc062723c751e8b465ee728b)
Start importing Assets/voxel-pack/PNG/Tiles/stone_snow.asset using Guid(0276892ece851554095bfc94c989e25e) Importer(815301076,1909f56bfc062723c751e8b465ee728b)  -> (artifact id: 'b9cc748255d89a0b62eceff85551df06') in 0.032775 seconds 
========================================================================
Received Import Request.
  Time since last request: 0.000044 seconds.
  path: Assets/voxel-pack/PNG/Tiles/stone_browniron.asset
  artifactKey: Guid(1a15babeda1d9d54682d47f2bffb1e86) Importer(815301076,1909f56bfc062723c751e8b465ee728b)
Start importing Assets/voxel-pack/PNG/Tiles/stone_browniron.asset using Guid(1a15babeda1d9d54682d47f2bffb1e86) Importer(815301076,1909f56bfc062723c751e8b465ee728b)  -> (artifact id: '1b9acee5f3949399996d5f8e8ce91a00') in 0.037150 seconds 
========================================================================
Received Import Request.
  Time since last request: 0.000052 seconds.
  path: Assets/voxel-pack/PNG/Tiles/stone_grass.asset
  artifactKey: Guid(8aa3762a840db2842b545d92a87c55c2) Importer(815301076,1909f56bfc062723c751e8b465ee728b)
Start importing Assets/voxel-pack/PNG/Tiles/stone_grass.asset using Guid(8aa3762a840db2842b545d92a87c55c2) Importer(815301076,1909f56bfc062723c751e8b465ee728b)  -> (artifact id: '4fa3932347cf49307cd6edd9d715b92a') in 0.038069 seconds 
========================================================================
Received Import Request.
  Time since last request: 0.000047 seconds.
  path: Assets/voxel-pack/PNG/Tiles/ice.asset
  artifactKey: Guid(646e704983ddfe146aec647966eac79b) Importer(815301076,1909f56bfc062723c751e8b465ee728b)
Start importing Assets/voxel-pack/PNG/Tiles/ice.asset using Guid(646e704983ddfe146aec647966eac79b) Importer(815301076,1909f56bfc062723c751e8b465ee728b)  -> (artifact id: '21e04d0ea5f1ea722cdfa4c63e56e73b') in 0.041450 seconds 
========================================================================
Received Import Request.
  Time since last request: 0.003051 seconds.
  path: Assets/voxel-pack/PNG/Tiles/stone_diamond.asset
  artifactKey: Guid(03ec0c41e48e51349a398e8a41cd6ba0) Importer(815301076,1909f56bfc062723c751e8b465ee728b)
Start importing Assets/voxel-pack/PNG/Tiles/stone_diamond.asset using Guid(03ec0c41e48e51349a398e8a41cd6ba0) Importer(815301076,1909f56bfc062723c751e8b465ee728b)  -> (artifact id: '3368666e5de87fb4bada4e40864b94fd') in 0.038033 seconds 
========================================================================
Received Import Request.
  Time since last request: 0.000040 seconds.
  path: Assets/voxel-pack/PNG/Tiles/stone_browniron_alt.asset
  artifactKey: Guid(41990cbf83f60824db035ade2524b262) Importer(815301076,1909f56bfc062723c751e8b465ee728b)
Start importing Assets/voxel-pack/PNG/Tiles/stone_browniron_alt.asset using Guid(41990cbf83f60824db035ade2524b262) Importer(815301076,1909f56bfc062723c751e8b465ee728b)  -> (artifact id: '9ed4ecbe1dd64413a0f4b3db27e63f84') in 0.040766 seconds 
========================================================================
Received Import Request.
  Time since last request: 0.000052 seconds.
  path: Assets/voxel-pack/PNG/Tiles/stone_coal.asset
  artifactKey: Guid(ed8cb54481345fa4f8892bbe873204bf) Importer(815301076,1909f56bfc062723c751e8b465ee728b)
Start importing Assets/voxel-pack/PNG/Tiles/stone_coal.asset using Guid(ed8cb54481345fa4f8892bbe873204bf) Importer(815301076,1909f56bfc062723c751e8b465ee728b)  -> (artifact id: '39e509bb120e05a6946e6797c20cbf5d') in 0.046861 seconds 
========================================================================
Received Import Request.
  Time since last request: 0.000072 seconds.
  path: Assets/voxel-pack/PNG/Tiles/water.asset
  artifactKey: Guid(dbdc25d7d412b214693693d36e00aff4) Importer(815301076,1909f56bfc062723c751e8b465ee728b)
Start importing Assets/voxel-pack/PNG/Tiles/water.asset using Guid(dbdc25d7d412b214693693d36e00aff4) Importer(815301076,1909f56bfc062723c751e8b465ee728b)  -> (artifact id: 'ffbd553633620a8e9e0e0a4a87ec26f2') in 0.044155 seconds 
========================================================================
Received Import Request.
  Time since last request: 0.000065 seconds.
  path: Assets/voxel-pack/PNG/Tiles/wheat_stage2.asset
  artifactKey: Guid(608995e787327e74587e690c490e3463) Importer(815301076,1909f56bfc062723c751e8b465ee728b)
Start importing Assets/voxel-pack/PNG/Tiles/wheat_stage2.asset using Guid(608995e787327e74587e690c490e3463) Importer(815301076,1909f56bfc062723c751e8b465ee728b)  -> (artifact id: 'ed13a14873fc29408dc53de1fba26717') in 0.045939 seconds 
========================================================================
Received Import Request.
  Time since last request: 0.000085 seconds.
  path: Assets/voxel-pack/PNG/Tiles/leaves_orange.png
  artifactKey: Guid(a92d2dbbfce69ed468f9e4ae2b0e533f) Importer(815301076,1909f56bfc062723c751e8b465ee728b)
Start importing Assets/voxel-pack/PNG/Tiles/leaves_orange.png using Guid(a92d2dbbfce69ed468f9e4ae2b0e533f) Importer(815301076,1909f56bfc062723c751e8b465ee728b)  -> (artifact id: 'c054468ef8fcf9725fc9abdac20cf3a6') in 0.053445 seconds 
========================================================================
Received Import Request.
  Time since last request: 0.000244 seconds.
  path: Assets/voxel-pack/PNG/Tiles/wheat_stage3.asset
  artifactKey: Guid(df49d4ce651e1b9499be2c3944a695dd) Importer(815301076,1909f56bfc062723c751e8b465ee728b)
Start importing Assets/voxel-pack/PNG/Tiles/wheat_stage3.asset using Guid(df49d4ce651e1b9499be2c3944a695dd) Importer(815301076,1909f56bfc062723c751e8b465ee728b)  -> (artifact id: 'ff5cd5c26c1dab19fe82128c98dcddff') in 0.043639 seconds 
========================================================================
Received Import Request.
  Time since last request: 0.000066 seconds.
  path: Assets/voxel-pack/PNG/Tiles/redstone_sand.png
  artifactKey: Guid(09f10016f2e7dc64dbe6ac3b5eb59fd6) Importer(815301076,1909f56bfc062723c751e8b465ee728b)
Start importing Assets/voxel-pack/PNG/Tiles/redstone_sand.png using Guid(09f10016f2e7dc64dbe6ac3b5eb59fd6) Importer(815301076,1909f56bfc062723c751e8b465ee728b)  -> (artifact id: '3263b3e2cf75ee1b41e8535cd16f4ac2') in 0.050096 seconds 
========================================================================
Received Import Request.
  Time since last request: 0.000117 seconds.
  path: Assets/voxel-pack/PNG/Tiles/leaves_orange_transparent.png
  artifactKey: Guid(6d49e3c42018b0e4e96ef97a3d4df099) Importer(815301076,1909f56bfc062723c751e8b465ee728b)
Start importing Assets/voxel-pack/PNG/Tiles/leaves_orange_transparent.png using Guid(6d49e3c42018b0e4e96ef97a3d4df099) Importer(815301076,1909f56bfc062723c751e8b465ee728b)  -> (artifact id: '3cbe0a20322198e930a81d394e767c21') in 0.054712 seconds 
========================================================================
Received Import Request.
  Time since last request: 0.000047 seconds.
  path: Assets/voxel-pack/PNG/Tiles/leaves_transparent.asset
  artifactKey: Guid(e9d08f00e664a244ea00d9d920070f1e) Importer(815301076,1909f56bfc062723c751e8b465ee728b)
Start importing Assets/voxel-pack/PNG/Tiles/leaves_transparent.asset using Guid(e9d08f00e664a244ea00d9d920070f1e) Importer(815301076,1909f56bfc062723c751e8b465ee728b)  -> (artifact id: '5276b45f096808b697a48ae60b5e3e76') in 0.038373 seconds 
========================================================================
Received Import Request.
  Time since last request: 0.000101 seconds.
  path: Assets/voxel-pack/PNG/Tiles/track_straight_alt.asset
  artifactKey: Guid(9362868b65a4e434fb8373deef7cebad) Importer(815301076,1909f56bfc062723c751e8b465ee728b)
Start importing Assets/voxel-pack/PNG/Tiles/track_straight_alt.asset using Guid(9362868b65a4e434fb8373deef7cebad) Importer(815301076,1909f56bfc062723c751e8b465ee728b)  -> (artifact id: '552e072d7e4d46290d8eeec753d5df9a') in 0.048770 seconds 
========================================================================
Received Import Request.
  Time since last request: 0.000051 seconds.
  path: Assets/voxel-pack/PNG/Tiles/wood_red.asset
  artifactKey: Guid(377c1639d23b65e40a8832def2cea2bb) Importer(815301076,1909f56bfc062723c751e8b465ee728b)
Start importing Assets/voxel-pack/PNG/Tiles/wood_red.asset using Guid(377c1639d23b65e40a8832def2cea2bb) Importer(815301076,1909f56bfc062723c751e8b465ee728b)  -> (artifact id: '5043d4c110f92cb63e6df76ff971996c') in 0.052800 seconds 
========================================================================
Received Import Request.
  Time since last request: 0.000044 seconds.
  path: Assets/voxel-pack/PNG/Tiles/rock.png
  artifactKey: Guid(76b0d77c3ae9bbf47a74fda435d0f10e) Importer(815301076,1909f56bfc062723c751e8b465ee728b)
Start importing Assets/voxel-pack/PNG/Tiles/rock.png using Guid(76b0d77c3ae9bbf47a74fda435d0f10e) Importer(815301076,1909f56bfc062723c751e8b465ee728b)  -> (artifact id: 'd1ff39077f0a4bd9d03a1d8c09991b49') in 0.053233 seconds 
========================================================================
Received Import Request.
  Time since last request: 0.000107 seconds.
  path: Assets/voxel-pack/PNG/Tiles/wheat_stage3.png
  artifactKey: Guid(29336bdc7e5339a49937a6cc8ff846a1) Importer(815301076,1909f56bfc062723c751e8b465ee728b)
Start importing Assets/voxel-pack/PNG/Tiles/wheat_stage3.png using Guid(29336bdc7e5339a49937a6cc8ff846a1) Importer(815301076,1909f56bfc062723c751e8b465ee728b)  -> (artifact id: '7d7c57490817821701c0d8c7a925a1c8') in 0.051790 seconds 
========================================================================
Received Import Request.
  Time since last request: 0.000060 seconds.
  path: Assets/voxel-pack/PNG/Tiles/wheat_stage4.asset
  artifactKey: Guid(210fd1daacc256846925a7a9416139d3) Importer(815301076,1909f56bfc062723c751e8b465ee728b)
Start importing Assets/voxel-pack/PNG/Tiles/wheat_stage4.asset using Guid(210fd1daacc256846925a7a9416139d3) Importer(815301076,1909f56bfc062723c751e8b465ee728b)  -> (artifact id: '7807d7eed0bdb189175bfe855360019f') in 0.054104 seconds 
========================================================================
Received Import Request.
  Time since last request: 0.000066 seconds.
  path: Assets/voxel-pack/PNG/Tiles/stone_sand.png
  artifactKey: Guid(0d700e70269601e4fb986f8b6991c9a6) Importer(815301076,1909f56bfc062723c751e8b465ee728b)
Start importing Assets/voxel-pack/PNG/Tiles/stone_sand.png using Guid(0d700e70269601e4fb986f8b6991c9a6) Importer(815301076,1909f56bfc062723c751e8b465ee728b)  -> (artifact id: '64c3a3de682015bdb792c0c1b786346a') in 0.052635 seconds 
========================================================================
Received Import Request.
  Time since last request: 0.000086 seconds.
  path: Assets/voxel-pack/PNG/Tiles/track_straight_alt.png
  artifactKey: Guid(a0031290d1b106244a63b62232df2239) Importer(815301076,1909f56bfc062723c751e8b465ee728b)
Start importing Assets/voxel-pack/PNG/Tiles/track_straight_alt.png using Guid(a0031290d1b106244a63b62232df2239) Importer(815301076,1909f56bfc062723c751e8b465ee728b)  -> (artifact id: 'ff289f7612fafe86cfa5212c7de78720') in 0.044102 seconds 
========================================================================
Received Import Request.
  Time since last request: 0.000039 seconds.
  path: Assets/voxel-pack/PNG/Tiles/trunk_mid.png
  artifactKey: Guid(0feec19f94e24b7469c1bd0261733e57) Importer(815301076,1909f56bfc062723c751e8b465ee728b)
Start importing Assets/voxel-pack/PNG/Tiles/trunk_mid.png using Guid(0feec19f94e24b7469c1bd0261733e57) Importer(815301076,1909f56bfc062723c751e8b465ee728b)  -> (artifact id: '1d541473bf980f6846f0eedc553c2712') in 0.048889 seconds 
========================================================================
Received Import Request.
  Time since last request: 0.000049 seconds.
  path: Assets/voxel-pack/PNG/Tiles/table.png
  artifactKey: Guid(ea1f67ac5aad06a4a9b0833c79dd08f3) Importer(815301076,1909f56bfc062723c751e8b465ee728b)
Start importing Assets/voxel-pack/PNG/Tiles/table.png using Guid(ea1f67ac5aad06a4a9b0833c79dd08f3) Importer(815301076,1909f56bfc062723c751e8b465ee728b)  -> (artifact id: '04cd7933fa975595cb8defc99ef58d9e') in 0.052609 seconds 
========================================================================
Received Import Request.
  Time since last request: 0.000081 seconds.
  path: Assets/voxel-pack/PNG/Tiles/stone_silver.png
  artifactKey: Guid(d8549a3be8014204f925af390bd20b18) Importer(815301076,1909f56bfc062723c751e8b465ee728b)
Start importing Assets/voxel-pack/PNG/Tiles/stone_silver.png using Guid(d8549a3be8014204f925af390bd20b18) Importer(815301076,1909f56bfc062723c751e8b465ee728b)  -> (artifact id: 'fe8ab0e87d6ab9fbcb8d6f4c3a5a393e') in 0.055681 seconds 
========================================================================
Received Import Request.
  Time since last request: 0.000052 seconds.
  path: Assets/voxel-pack/PNG/Tiles/stone_coal_alt.png
  artifactKey: Guid(4e8b5deda26081a4d9ce936a85230fa5) Importer(815301076,1909f56bfc062723c751e8b465ee728b)
Start importing Assets/voxel-pack/PNG/Tiles/stone_coal_alt.png using Guid(4e8b5deda26081a4d9ce936a85230fa5) Importer(815301076,1909f56bfc062723c751e8b465ee728b)  -> (artifact id: '5179c08c72169fa7daabd293cb9bbbf4') in 0.095240 seconds 
========================================================================
Received Import Request.
  Time since last request: 0.000066 seconds.
  path: Assets/voxel-pack/PNG/Tiles/track_corner_alt.asset
  artifactKey: Guid(9a3421c82ca960946bae574cfaa5c537) Importer(815301076,1909f56bfc062723c751e8b465ee728b)
Start importing Assets/voxel-pack/PNG/Tiles/track_corner_alt.asset using Guid(9a3421c82ca960946bae574cfaa5c537) Importer(815301076,1909f56bfc062723c751e8b465ee728b)  -> (artifact id: '06da781af238a3b93d52c4a9147945a8') in 0.049134 seconds 
========================================================================
Received Import Request.
  Time since last request: 0.000067 seconds.
  path: Assets/voxel-pack/PNG/Tiles/redstone.png
  artifactKey: Guid(6e93137a66b096e42af9031c7c7cf5e2) Importer(815301076,1909f56bfc062723c751e8b465ee728b)
Start importing Assets/voxel-pack/PNG/Tiles/redstone.png using Guid(6e93137a66b096e42af9031c7c7cf5e2) Importer(815301076,1909f56bfc062723c751e8b465ee728b)  -> (artifact id: 'edc63218cf16426f177db4b1ff916f06') in 0.053447 seconds 
========================================================================
Received Import Request.
  Time since last request: 0.000056 seconds.
  path: Assets/voxel-pack/PNG/Tiles/stone_silver.asset
  artifactKey: Guid(95bacf055c8e3f04d9f17ad426cff1ce) Importer(815301076,1909f56bfc062723c751e8b465ee728b)
Start importing Assets/voxel-pack/PNG/Tiles/stone_silver.asset using Guid(95bacf055c8e3f04d9f17ad426cff1ce) Importer(815301076,1909f56bfc062723c751e8b465ee728b)  -> (artifact id: '75f3e701df91d7b1471a42a3bdcf778d') in 0.047770 seconds 
========================================================================
Received Import Request.
  Time since last request: 0.000047 seconds.
  path: Assets/voxel-pack/PNG/Tiles/track_straight.asset
  artifactKey: Guid(445f22904794eb44f851f21377ce038f) Importer(815301076,1909f56bfc062723c751e8b465ee728b)
Start importing Assets/voxel-pack/PNG/Tiles/track_straight.asset using Guid(445f22904794eb44f851f21377ce038f) Importer(815301076,1909f56bfc062723c751e8b465ee728b)  -> (artifact id: 'b52191b82983cd5a3f0a6c63e7914fd8') in 0.043875 seconds 
========================================================================
Received Import Request.
  Time since last request: 0.000069 seconds.
  path: Assets/voxel-pack/PNG/Tiles/greystone_ruby.png
  artifactKey: Guid(5bf254274c58ebf41aca4bec1bc8a061) Importer(815301076,1909f56bfc062723c751e8b465ee728b)
Start importing Assets/voxel-pack/PNG/Tiles/greystone_ruby.png using Guid(5bf254274c58ebf41aca4bec1bc8a061) Importer(815301076,1909f56bfc062723c751e8b465ee728b)  -> (artifact id: '4e0609c08c303964a55bd03bb1ba4b3f') in 0.053060 seconds 
========================================================================
Received Import Request.
  Time since last request: 0.000070 seconds.
  path: Assets/voxel-pack/PNG/Tiles/greystone_ruby_alt.png
  artifactKey: Guid(7bfa6e33c64c69742b86a421a5e0613b) Importer(815301076,1909f56bfc062723c751e8b465ee728b)
Start importing Assets/voxel-pack/PNG/Tiles/greystone_ruby_alt.png using Guid(7bfa6e33c64c69742b86a421a5e0613b) Importer(815301076,1909f56bfc062723c751e8b465ee728b)  -> (artifact id: '4754c4293dade01a1e0e8e8aeadd61a6') in 0.069477 seconds 
========================================================================
Received Import Request.
  Time since last request: 0.000077 seconds.
  path: Assets/voxel-pack/PNG/Tiles/trunk_white_side.asset
  artifactKey: Guid(793f4fec5a467c348937e2d2eb38f9a1) Importer(815301076,1909f56bfc062723c751e8b465ee728b)
Start importing Assets/voxel-pack/PNG/Tiles/trunk_white_side.asset using Guid(793f4fec5a467c348937e2d2eb38f9a1) Importer(815301076,1909f56bfc062723c751e8b465ee728b)  -> (artifact id: '77f42cfebc9bafc57f9a4bb1f6ee0cf6') in 0.043196 seconds 
========================================================================
Received Import Request.
  Time since last request: 0.000055 seconds.
  path: Assets/voxel-pack/PNG/Tiles/mushroom_red.png
  artifactKey: Guid(5235d8d62b013e9428c93e5128951abd) Importer(815301076,1909f56bfc062723c751e8b465ee728b)
Start importing Assets/voxel-pack/PNG/Tiles/mushroom_red.png using Guid(5235d8d62b013e9428c93e5128951abd) Importer(815301076,1909f56bfc062723c751e8b465ee728b)  -> (artifact id: 'c6829cdbbc8c5be5e8a492ac22ab12d3') in 0.062733 seconds 
========================================================================
Received Import Request.
  Time since last request: 0.000079 seconds.
  path: Assets/voxel-pack/PNG/Tiles/stone_gold_alt.png
  artifactKey: Guid(1260abf5d61b6244382a63a6f4166fd4) Importer(815301076,1909f56bfc062723c751e8b465ee728b)
Start importing Assets/voxel-pack/PNG/Tiles/stone_gold_alt.png using Guid(1260abf5d61b6244382a63a6f4166fd4) Importer(815301076,1909f56bfc062723c751e8b465ee728b)  -> (artifact id: 'ae3d39daf2f3da5847e38cd77974a0ad') in 0.058290 seconds 
========================================================================
Received Import Request.
  Time since last request: 0.000073 seconds.
  path: Assets/voxel-pack/PNG/Tiles/stone.png
  artifactKey: Guid(c0fc3026032c2fb498e11860dfb25842) Importer(815301076,1909f56bfc062723c751e8b465ee728b)
Start importing Assets/voxel-pack/PNG/Tiles/stone.png using Guid(c0fc3026032c2fb498e11860dfb25842) Importer(815301076,1909f56bfc062723c751e8b465ee728b)  -> (artifact id: '2b8928d44fbf0918dacfd050bdc31437') in 0.050813 seconds 
========================================================================
Received Import Request.
  Time since last request: 0.000054 seconds.
  path: Assets/voxel-pack/PNG/Tiles/stone_dirt.png
  artifactKey: Guid(3b48ea4a218f25543969c05eaff10e3d) Importer(815301076,1909f56bfc062723c751e8b465ee728b)
Start importing Assets/voxel-pack/PNG/Tiles/stone_dirt.png using Guid(3b48ea4a218f25543969c05eaff10e3d) Importer(815301076,1909f56bfc062723c751e8b465ee728b)  -> (artifact id: 'de42f12718975f131cd4824250864b55') in 0.050737 seconds 
========================================================================
Received Import Request.
  Time since last request: 0.000062 seconds.
  path: Assets/voxel-pack/PNG/Tiles/mushroom_tan.png
  artifactKey: Guid(90ca5b9d3db19ee4b8c30ad81a23cbdb) Importer(815301076,1909f56bfc062723c751e8b465ee728b)
Start importing Assets/voxel-pack/PNG/Tiles/mushroom_tan.png using Guid(90ca5b9d3db19ee4b8c30ad81a23cbdb) Importer(815301076,1909f56bfc062723c751e8b465ee728b)  -> (artifact id: '8c8a0739ec9252b75dd3cc4af92c71f1') in 0.052545 seconds 
========================================================================
Received Import Request.
  Time since last request: 0.000058 seconds.
  path: Assets/voxel-pack/PNG/Tiles/redstone.asset
  artifactKey: Guid(da87d99413dbe244191c415eb2500832) Importer(815301076,1909f56bfc062723c751e8b465ee728b)
Start importing Assets/voxel-pack/PNG/Tiles/redstone.asset using Guid(da87d99413dbe244191c415eb2500832) Importer(815301076,1909f56bfc062723c751e8b465ee728b)  -> (artifact id: 'aca4f90486decb550f6c50538d4d5eb9') in 0.037667 seconds 
========================================================================
Received Import Request.
  Time since last request: 0.000070 seconds.
  path: Assets/voxel-pack/PNG/Tiles/sand.asset
  artifactKey: Guid(d1431af6c0cce174ab994b851ad3a82e) Importer(815301076,1909f56bfc062723c751e8b465ee728b)
Start importing Assets/voxel-pack/PNG/Tiles/sand.asset using Guid(d1431af6c0cce174ab994b851ad3a82e) Importer(815301076,1909f56bfc062723c751e8b465ee728b)  -> (artifact id: '3e1112bdd1a1a6914e68aca28dbca7cb') in 0.043937 seconds 
========================================================================
Received Import Request.
  Time since last request: 1.787659 seconds.
  path: Assets/Overlay.mat
  artifactKey: Guid(4df9b5574056e2c449cd8c72a570e345) Importer(815301076,1909f56bfc062723c751e8b465ee728b)
Start importing Assets/Overlay.mat using Guid(4df9b5574056e2c449cd8c72a570e345) Importer(815301076,1909f56bfc062723c751e8b465ee728b)  -> (artifact id: '199282e2f3595928516ab2115bbb5023') in 0.209318 seconds 
========================================================================
Received Import Request.
  Time since last request: 7.847804 seconds.
  path: Assets/voxel-pack/PNG/Characters/Alien/alien_body.png
  artifactKey: Guid(4e7580bebe85e054e8f2f9f931ea1c83) Importer(815301076,1909f56bfc062723c751e8b465ee728b)
Start importing Assets/voxel-pack/PNG/Characters/Alien/alien_body.png using Guid(4e7580bebe85e054e8f2f9f931ea1c83) Importer(815301076,1909f56bfc062723c751e8b465ee728b)  -> (artifact id: '5130b72690c46aeaddf5ab42741a0d0c') in 0.033184 seconds 
========================================================================
Received Import Request.
  Time since last request: 3.026150 seconds.
  path: Assets/voxel-pack/PNG/Items/arrow.png
  artifactKey: Guid(25cfb8b2ce7dff541acf4daa58964ffa) Importer(815301076,1909f56bfc062723c751e8b465ee728b)
Start importing Assets/voxel-pack/PNG/Items/arrow.png using Guid(25cfb8b2ce7dff541acf4daa58964ffa) Importer(815301076,1909f56bfc062723c751e8b465ee728b)  -> (artifact id: '664d27c1edf6456b14956378f5486428') in 0.031634 seconds 
========================================================================
Received Import Request.
  Time since last request: 0.000037 seconds.
  path: Assets/voxel-pack/PNG/Items/ore_emerald.png
  artifactKey: Guid(0c48702a999eaa74d8ed0913599931ad) Importer(815301076,1909f56bfc062723c751e8b465ee728b)
Start importing Assets/voxel-pack/PNG/Items/ore_emerald.png using Guid(0c48702a999eaa74d8ed0913599931ad) Importer(815301076,1909f56bfc062723c751e8b465ee728b)  -> (artifact id: '547dd3e8b13c5c764a937a71f927b30b') in 0.038865 seconds 
========================================================================
Received Import Request.
  Time since last request: 0.000044 seconds.
  path: Assets/voxel-pack/PNG/Items/ore_silver.png
  artifactKey: Guid(63859b4fc7de79e449e8f9bacf8f6988) Importer(815301076,1909f56bfc062723c751e8b465ee728b)
Start importing Assets/voxel-pack/PNG/Items/ore_silver.png using Guid(63859b4fc7de79e449e8f9bacf8f6988) Importer(815301076,1909f56bfc062723c751e8b465ee728b)  -> (artifact id: 'c4dd98309c76a47aeddaf948122838d3') in 0.032045 seconds 
========================================================================
Received Import Request.
  Time since last request: 0.000057 seconds.
  path: Assets/voxel-pack/PNG/Items/seed.png
  artifactKey: Guid(20a90064ea1447f48874fe37e0d8b453) Importer(815301076,1909f56bfc062723c751e8b465ee728b)
Start importing Assets/voxel-pack/PNG/Items/seed.png using Guid(20a90064ea1447f48874fe37e0d8b453) Importer(815301076,1909f56bfc062723c751e8b465ee728b)  -> (artifact id: 'bb92479c1cea9843929080fe7c146149') in 0.033111 seconds 
========================================================================
Received Import Request.
  Time since last request: 0.000064 seconds.
  path: Assets/voxel-pack/PNG/Items/flail_iron.png
  artifactKey: Guid(0cc11eb85dade584d97e3eea1ef0930e) Importer(815301076,1909f56bfc062723c751e8b465ee728b)
Start importing Assets/voxel-pack/PNG/Items/flail_iron.png using Guid(0cc11eb85dade584d97e3eea1ef0930e) Importer(815301076,1909f56bfc062723c751e8b465ee728b)  -> (artifact id: 'e0fd37a801acd54e9eb3c70e99792dae') in 0.036619 seconds 
========================================================================
Received Import Request.
  Time since last request: 0.000061 seconds.
  path: Assets/voxel-pack/PNG/Items/pick_silver.png
  artifactKey: Guid(977520c46d982f044a7e862260272bba) Importer(815301076,1909f56bfc062723c751e8b465ee728b)
Start importing Assets/voxel-pack/PNG/Items/pick_silver.png using Guid(977520c46d982f044a7e862260272bba) Importer(815301076,1909f56bfc062723c751e8b465ee728b)  -> (artifact id: '47cc7395e41340c62a5ef7f8e823f19e') in 0.035733 seconds 
========================================================================
Received Import Request.
  Time since last request: 0.000049 seconds.
  path: Assets/voxel-pack/PNG/Items/axe_diamond.png
  artifactKey: Guid(e83ae9555d4c22845b8884141f7e625e) Importer(815301076,1909f56bfc062723c751e8b465ee728b)
Start importing Assets/voxel-pack/PNG/Items/axe_diamond.png using Guid(e83ae9555d4c22845b8884141f7e625e) Importer(815301076,1909f56bfc062723c751e8b465ee728b)  -> (artifact id: 'effd45a1fe9feae64c123063c539ca87') in 0.039352 seconds 
========================================================================
Received Import Request.
  Time since last request: 0.000049 seconds.
  path: Assets/voxel-pack/PNG/Items/hoe_silver.png
  artifactKey: Guid(9ddaa72a327ea0b4198573a628b557ec) Importer(815301076,1909f56bfc062723c751e8b465ee728b)
Start importing Assets/voxel-pack/PNG/Items/hoe_silver.png using Guid(9ddaa72a327ea0b4198573a628b557ec) Importer(815301076,1909f56bfc062723c751e8b465ee728b)  -> (artifact id: 'a2c92e414b83653abdc5bcecb85a9ac6') in 0.034222 seconds 
========================================================================
Received Import Request.
  Time since last request: 0.000036 seconds.
  path: Assets/voxel-pack/PNG/Items/axe_iron.png
  artifactKey: Guid(10b04ca26fb8d8e4d9deaa252ae2631f) Importer(815301076,1909f56bfc062723c751e8b465ee728b)
Start importing Assets/voxel-pack/PNG/Items/axe_iron.png using Guid(10b04ca26fb8d8e4d9deaa252ae2631f) Importer(815301076,1909f56bfc062723c751e8b465ee728b)  -> (artifact id: 'a4439746c71e09a7a0b366b3e791687f') in 0.041966 seconds 
========================================================================
Received Import Request.
  Time since last request: 0.000034 seconds.
  path: Assets/voxel-pack/PNG/Items/bowArrow.png
  artifactKey: Guid(d8b4fa8f420399847b4df398fc940e33) Importer(815301076,1909f56bfc062723c751e8b465ee728b)
Start importing Assets/voxel-pack/PNG/Items/bowArrow.png using Guid(d8b4fa8f420399847b4df398fc940e33) Importer(815301076,1909f56bfc062723c751e8b465ee728b)  -> (artifact id: '352adb7b56d7348cfd88485d3256da7f') in 0.045348 seconds 
========================================================================
Received Import Request.
  Time since last request: 0.000041 seconds.
  path: Assets/voxel-pack/PNG/Items/fish.png
  artifactKey: Guid(a2b2cc840ba1ae748b4c640f7056bff1) Importer(815301076,1909f56bfc062723c751e8b465ee728b)
Start importing Assets/voxel-pack/PNG/Items/fish.png using Guid(a2b2cc840ba1ae748b4c640f7056bff1) Importer(815301076,1909f56bfc062723c751e8b465ee728b)  -> (artifact id: 'c307e79ff5688c251cf8be96cc260cc0') in 0.040215 seconds 
========================================================================
Received Import Request.
  Time since last request: 0.000045 seconds.
  path: Assets/voxel-pack/PNG/Items/hoe_bronze.png
  artifactKey: Guid(f4c6854a5d8ed264a85a615e59ca2d21) Importer(815301076,1909f56bfc062723c751e8b465ee728b)
Start importing Assets/voxel-pack/PNG/Items/hoe_bronze.png using Guid(f4c6854a5d8ed264a85a615e59ca2d21) Importer(815301076,1909f56bfc062723c751e8b465ee728b)  -> (artifact id: '936abedb3b05aa164e42c75ba222004f') in 0.038107 seconds 
========================================================================
Received Import Request.
  Time since last request: 0.000054 seconds.
  path: Assets/voxel-pack/PNG/Items/fishingPole.png
  artifactKey: Guid(7b6551d169f950047b288ea9505bebec) Importer(815301076,1909f56bfc062723c751e8b465ee728b)
Start importing Assets/voxel-pack/PNG/Items/fishingPole.png using Guid(7b6551d169f950047b288ea9505bebec) Importer(815301076,1909f56bfc062723c751e8b465ee728b)  -> (artifact id: '59d52772122aa20396ac3359078a0016') in 0.039382 seconds 
========================================================================
Received Import Request.
  Time since last request: 0.000029 seconds.
  path: Assets/voxel-pack/PNG/Items/sword_diamond.png
  artifactKey: Guid(93d56b8b0883dd74bbe15f3788b1642e) Importer(815301076,1909f56bfc062723c751e8b465ee728b)
Start importing Assets/voxel-pack/PNG/Items/sword_diamond.png using Guid(93d56b8b0883dd74bbe15f3788b1642e) Importer(815301076,1909f56bfc062723c751e8b465ee728b)  -> (artifact id: 'cbc29ffeadc92131fc77f90709fd8ba8') in 0.035925 seconds 
========================================================================
Received Import Request.
  Time since last request: 0.000052 seconds.
  path: Assets/voxel-pack/PNG/Items/wheat.png
  artifactKey: Guid(c7f4ddc3ff55a654b99b106be1961ca8) Importer(815301076,1909f56bfc062723c751e8b465ee728b)
Start importing Assets/voxel-pack/PNG/Items/wheat.png using Guid(c7f4ddc3ff55a654b99b106be1961ca8) Importer(815301076,1909f56bfc062723c751e8b465ee728b)  -> (artifact id: '42b9040276f725130d7aaaaf23ddc5e3') in 0.037752 seconds 
========================================================================
Received Import Request.
  Time since last request: 0.000050 seconds.
  path: Assets/voxel-pack/PNG/Items/sword_gold.png
  artifactKey: Guid(77a0c37f85b18724bb87ffb13e61cc5a) Importer(815301076,1909f56bfc062723c751e8b465ee728b)
Start importing Assets/voxel-pack/PNG/Items/sword_gold.png using Guid(77a0c37f85b18724bb87ffb13e61cc5a) Importer(815301076,1909f56bfc062723c751e8b465ee728b)  -> (artifact id: 'd44b4b6b10161bf97aadb1c97030fb8f') in 0.034658 seconds 
========================================================================
Received Import Request.
  Time since last request: 0.000051 seconds.
  path: Assets/voxel-pack/PNG/Items/hoe_gold.png
  artifactKey: Guid(26ef828b4c951ae4994837b6ad176a40) Importer(815301076,1909f56bfc062723c751e8b465ee728b)
Start importing Assets/voxel-pack/PNG/Items/hoe_gold.png using Guid(26ef828b4c951ae4994837b6ad176a40) Importer(815301076,1909f56bfc062723c751e8b465ee728b)  -> (artifact id: '9b5059692d30061bb089ad6acf1be71a') in 0.034070 seconds 
========================================================================
Received Import Request.
  Time since last request: 0.000053 seconds.
  path: Assets/voxel-pack/PNG/Items/sword_iron.png
  artifactKey: Guid(35a663b059198c04cb0c19b5e7057b1c) Importer(815301076,1909f56bfc062723c751e8b465ee728b)
Start importing Assets/voxel-pack/PNG/Items/sword_iron.png using Guid(35a663b059198c04cb0c19b5e7057b1c) Importer(815301076,1909f56bfc062723c751e8b465ee728b)  -> (artifact id: '840680eae68f69e96574a6efe19cd1e3') in 0.038360 seconds 
========================================================================
Received Import Request.
  Time since last request: 0.000092 seconds.
  path: Assets/voxel-pack/PNG/Items/bow.png
  artifactKey: Guid(722eb29b70604dc4b8e5da46cf4a688d) Importer(815301076,1909f56bfc062723c751e8b465ee728b)
Start importing Assets/voxel-pack/PNG/Items/bow.png using Guid(722eb29b70604dc4b8e5da46cf4a688d) Importer(815301076,1909f56bfc062723c751e8b465ee728b)  -> (artifact id: 'cd026d250162d48948732d1cea7a8927') in 0.029987 seconds 
========================================================================
Received Import Request.
  Time since last request: 11.083814 seconds.
  path: Assets/voxel-pack/PNG/Other/moon.png
  artifactKey: Guid(e861a09145fbf1c4ab3e7391cd775f64) Importer(815301076,1909f56bfc062723c751e8b465ee728b)
Start importing Assets/voxel-pack/PNG/Other/moon.png using Guid(e861a09145fbf1c4ab3e7391cd775f64) Importer(815301076,1909f56bfc062723c751e8b465ee728b)  -> (artifact id: '561aa7c1c7111282a7571d75976f4ebb') in 0.025024 seconds 
========================================================================
Received Import Request.
  Time since last request: 0.000040 seconds.
  path: Assets/voxel-pack/PNG/Other/skybox_sideHills.png
  artifactKey: Guid(d9f42a597798ac64abaa25cc51e2e99a) Importer(815301076,1909f56bfc062723c751e8b465ee728b)
Start importing Assets/voxel-pack/PNG/Other/skybox_sideHills.png using Guid(d9f42a597798ac64abaa25cc51e2e99a) Importer(815301076,1909f56bfc062723c751e8b465ee728b)  -> (artifact id: '39d91a56c998b15fcce7d56a5eefca95') in 0.061057 seconds 
========================================================================
Received Import Request.
  Time since last request: 0.000055 seconds.
  path: Assets/voxel-pack/PNG/Other/skybox_side.png
  artifactKey: Guid(464cc47c638a30d4b9c27bccc7a61731) Importer(815301076,1909f56bfc062723c751e8b465ee728b)
Start importing Assets/voxel-pack/PNG/Other/skybox_side.png using Guid(464cc47c638a30d4b9c27bccc7a61731) Importer(815301076,1909f56bfc062723c751e8b465ee728b)  -> (artifact id: '4a46c3cceedd272084ca0ef567075d17') in 0.052251 seconds 
========================================================================
Received Import Request.
  Time since last request: 1.211468 seconds.
  path: Assets/voxel-pack/PNG/Particles/square_orange.png
  artifactKey: Guid(3ba2b8925959b7d4da2741848cbf09ff) Importer(815301076,1909f56bfc062723c751e8b465ee728b)
Start importing Assets/voxel-pack/PNG/Particles/square_orange.png using Guid(3ba2b8925959b7d4da2741848cbf09ff) Importer(815301076,1909f56bfc062723c751e8b465ee728b)  -> (artifact id: '8af67584ad84068adfbd928c59809f6e') in 0.028120 seconds 
========================================================================
Received Import Request.
  Time since last request: 0.000037 seconds.
  path: Assets/voxel-pack/PNG/Particles/swirl_white.png
  artifactKey: Guid(b25b0281bfb09aa4391fbcbbd0e67300) Importer(815301076,1909f56bfc062723c751e8b465ee728b)
Start importing Assets/voxel-pack/PNG/Particles/swirl_white.png using Guid(b25b0281bfb09aa4391fbcbbd0e67300) Importer(815301076,1909f56bfc062723c751e8b465ee728b)  -> (artifact id: '60f5b123d118213f00ee064c6359a272') in 0.043190 seconds 
Editor requested this worker to shutdown with reason: Scaling down because of idle timeout
AssetImportWorker is now disconnected from the server
Process exiting
Exiting without the bug reporter. Application will terminate with return code 0